<?xml version="1.0" encoding="UTF-8"?>
<testng-results ignored="3" total="6" passed="3" failed="0" skipped="0">
  <reporter-output>
  </reporter-output>
  <suite started-at="2023-10-11T17:35:31 IST" name="test1" finished-at="2023-10-11T17:35:55 IST" duration-ms="24071">
    <groups>
    </groups>
    <test started-at="2023-10-11T17:35:31 IST" name="POMframework" finished-at="2023-10-11T17:35:55 IST" duration-ms="24071">
      <class name="com.ninja.qa.TestPage.TestProductPage">
        <test-method is-config="true" signature="OpenApp()[pri:0, instance:com.ninja.qa.TestPage.TestProductPage@303cf2ba]" started-at="2023-10-11T17:35:47 IST" name="OpenApp" finished-at="2023-10-11T17:35:50 IST" duration-ms="2812" status="PASS">
          <reporter-output>
          </reporter-output>
        </test-method> <!-- OpenApp -->
        <test-method signature="testproduct_addtocart()[pri:0, instance:com.ninja.qa.TestPage.TestProductPage@303cf2ba]" started-at="2023-10-11T17:35:50 IST" name="testproduct_addtocart" finished-at="2023-10-11T17:35:54 IST" duration-ms="4756" status="PASS">
          <reporter-output>
          </reporter-output>
        </test-method> <!-- testproduct_addtocart -->
        <test-method is-config="true" signature="CloseApp()[pri:0, instance:com.ninja.qa.TestPage.TestProductPage@303cf2ba]" started-at="2023-10-11T17:35:54 IST" name="CloseApp" finished-at="2023-10-11T17:35:55 IST" duration-ms="242" status="PASS">
          <reporter-output>
          </reporter-output>
        </test-method> <!-- CloseApp -->
        <test-method is-config="true" signature="generateTestStatus(java.lang.reflect.Method,org.testng.ITestResult)[pri:0, instance:com.ninja.qa.TestPage.TestProductPage@303cf2ba]" started-at="2023-10-11T17:35:55 IST" name="generateTestStatus" finished-at="2023-10-11T17:35:55 IST" duration-ms="0" status="PASS">
          <params>
            <param index="0">
              <value>
                <![CDATA[public void com.ninja.qa.TestPage.TestProductPage.testproduct_addtocart() throws java.lang.InterruptedException]]>
              </value>
            </param>
            <param index="1">
              <value>
                <![CDATA[[TestResult name=testproduct_addtocart status=SUCCESS method=TestProductPage.testproduct_addtocart()[pri:0, instance:com.ninja.qa.TestPage.TestProductPage@303cf2ba] output={null}]]]>
              </value>
            </param>
          </params>
          <reporter-output>
          </reporter-output>
        </test-method> <!-- generateTestStatus -->
      </class> <!-- com.ninja.qa.TestPage.TestProductPage -->
      <class name="com.ninja.qa.TestPage.TestRegisterPage">
        <test-method is-config="true" signature="InitalizeExtentReport()[pri:0, instance:com.ninja.qa.TestPage.TestRegisterPage@710c2b53]" started-at="2023-10-11T17:35:30 IST" name="InitalizeExtentReport" finished-at="2023-10-11T17:35:31 IST" duration-ms="288" status="PASS">
          <reporter-output>
          </reporter-output>
        </test-method> <!-- InitalizeExtentReport -->
        <test-method is-config="true" signature="getnameMethod(org.testng.ITestContext)[pri:0, instance:com.ninja.qa.TestPage.TestRegisterPage@710c2b53]" started-at="2023-10-11T17:35:31 IST" name="getnameMethod" finished-at="2023-10-11T17:35:31 IST" duration-ms="6" status="PASS">
          <params>
            <param index="0">
              <value>
                <![CDATA[org.testng.TestRunner@1ea930eb]]>
              </value>
            </param>
          </params>
          <reporter-output>
          </reporter-output>
        </test-method> <!-- getnameMethod -->
        <test-method is-config="true" signature="OpenApp()[pri:0, instance:com.ninja.qa.TestPage.TestRegisterPage@710c2b53]" started-at="2023-10-11T17:35:31 IST" name="OpenApp" finished-at="2023-10-11T17:35:36 IST" duration-ms="4911" status="PASS">
          <reporter-output>
          </reporter-output>
        </test-method> <!-- OpenApp -->
        <test-method signature="testregisterUser(java.lang.String,java.lang.String,java.lang.String,java.lang.String,java.lang.String,java.lang.String)[pri:49, instance:com.ninja.qa.TestPage.TestRegisterPage@710c2b53]" started-at="2023-10-11T17:35:36 IST" name="testregisterUser" data-provider="testdata" finished-at="2023-10-11T17:35:40 IST" duration-ms="3752" status="PASS">
          <params>
            <param index="0">
              <value>
                <![CDATA[admin]]>
              </value>
            </param>
            <param index="1">
              <value>
                <![CDATA[admin1]]>
              </value>
            </param>
            <param index="2">
              <value>
                <![CDATA[admin@gmail.com]]>
              </value>
            </param>
            <param index="3">
              <value>
                <![CDATA[5.678998765E9]]>
              </value>
            </param>
            <param index="4">
              <value>
                <![CDATA[admin1]]>
              </value>
            </param>
            <param index="5">
              <value>
                <![CDATA[admin1]]>
              </value>
            </param>
          </params>
          <reporter-output>
          </reporter-output>
        </test-method> <!-- testregisterUser -->
        <test-method is-config="true" signature="CloseApp()[pri:0, instance:com.ninja.qa.TestPage.TestRegisterPage@710c2b53]" started-at="2023-10-11T17:35:40 IST" name="CloseApp" finished-at="2023-10-11T17:35:40 IST" duration-ms="258" status="PASS">
          <reporter-output>
          </reporter-output>
        </test-method> <!-- CloseApp -->
        <test-method is-config="true" signature="generateTestStatus(java.lang.reflect.Method,org.testng.ITestResult)[pri:0, instance:com.ninja.qa.TestPage.TestRegisterPage@710c2b53]" started-at="2023-10-11T17:35:40 IST" name="generateTestStatus" finished-at="2023-10-11T17:35:40 IST" duration-ms="5" status="PASS">
          <params>
            <param index="0">
              <value>
                <![CDATA[public void com.ninja.qa.TestPage.TestRegisterPage.testregisterUser(java.lang.String,java.lang.String,java.lang.String,java.lang.String,java.lang.String,java.lang.String) throws java.lang.InterruptedException]]>
              </value>
            </param>
            <param index="1">
              <value>
                <![CDATA[[TestResult name=testregisterUser status=SUCCESS method=TestRegisterPage.testregisterUser(java.lang.String,java.lang.String,java.lang.String,java.lang.String,java.lang.String,java.lang.String)[pri:49, instance:com.ninja.qa.TestPage.TestRegisterPage@710c2b53] output={null}]]]>
              </value>
            </param>
          </params>
          <reporter-output>
          </reporter-output>
        </test-method> <!-- generateTestStatus -->
        <test-method is-config="true" signature="OpenApp()[pri:0, instance:com.ninja.qa.TestPage.TestRegisterPage@710c2b53]" started-at="2023-10-11T17:35:40 IST" name="OpenApp" finished-at="2023-10-11T17:35:43 IST" duration-ms="2803" status="PASS">
          <reporter-output>
          </reporter-output>
        </test-method> <!-- OpenApp -->
        <test-method signature="testregisterUser(java.lang.String,java.lang.String,java.lang.String,java.lang.String,java.lang.String,java.lang.String)[pri:49, instance:com.ninja.qa.TestPage.TestRegisterPage@710c2b53]" started-at="2023-10-11T17:35:43 IST" name="testregisterUser" data-provider="testdata" finished-at="2023-10-11T17:35:47 IST" duration-ms="3751" status="PASS">
          <params>
            <param index="0">
              <value>
                <![CDATA[admin2]]>
              </value>
            </param>
            <param index="1">
              <value>
                <![CDATA[admin2]]>
              </value>
            </param>
            <param index="2">
              <value>
                <![CDATA[admin2@gmail.com]]>
              </value>
            </param>
            <param index="3">
              <value>
                <![CDATA[3.456789009E9]]>
              </value>
            </param>
            <param index="4">
              <value>
                <![CDATA[admin]]>
              </value>
            </param>
            <param index="5">
              <value>
                <![CDATA[admin1]]>
              </value>
            </param>
          </params>
          <reporter-output>
          </reporter-output>
        </test-method> <!-- testregisterUser -->
        <test-method is-config="true" signature="CloseApp()[pri:0, instance:com.ninja.qa.TestPage.TestRegisterPage@710c2b53]" started-at="2023-10-11T17:35:47 IST" name="CloseApp" finished-at="2023-10-11T17:35:47 IST" duration-ms="246" status="PASS">
          <reporter-output>
          </reporter-output>
        </test-method> <!-- CloseApp -->
        <test-method is-config="true" signature="generateTestStatus(java.lang.reflect.Method,org.testng.ITestResult)[pri:0, instance:com.ninja.qa.TestPage.TestRegisterPage@710c2b53]" started-at="2023-10-11T17:35:47 IST" name="generateTestStatus" finished-at="2023-10-11T17:35:47 IST" duration-ms="0" status="PASS">
          <params>
            <param index="0">
              <value>
                <![CDATA[public void com.ninja.qa.TestPage.TestRegisterPage.testregisterUser(java.lang.String,java.lang.String,java.lang.String,java.lang.String,java.lang.String,java.lang.String) throws java.lang.InterruptedException]]>
              </value>
            </param>
            <param index="1">
              <value>
                <![CDATA[[TestResult name=testregisterUser status=SUCCESS method=TestRegisterPage.testregisterUser(java.lang.String,java.lang.String,java.lang.String,java.lang.String,java.lang.String,java.lang.String)[pri:49, instance:com.ninja.qa.TestPage.TestRegisterPage@710c2b53] output={null}]]]>
              </value>
            </param>
          </params>
          <reporter-output>
          </reporter-output>
        </test-method> <!-- generateTestStatus -->
        <test-method is-config="true" signature="generateReports()[pri:0, instance:com.ninja.qa.TestPage.TestRegisterPage@710c2b53]" started-at="2023-10-11T17:35:55 IST" name="generateReports" finished-at="2023-10-11T17:35:56 IST" duration-ms="1150" status="PASS">
          <reporter-output>
          </reporter-output>
        </test-method> <!-- generateReports -->
      </class> <!-- com.ninja.qa.TestPage.TestRegisterPage -->
    </test> <!-- POMframework -->
  </suite> <!-- test1 -->
</testng-results>
