<?xml version="1.0" encoding="UTF-8"?>
<!-- Generated by org.testng.reporters.JUnitXMLReporter -->
<testsuite ignored="3" hostname="Navichinna" failures="0" tests="3" name="POMframework" time="24.071" errors="0" timestamp="2023-10-11T17:35:55 IST">
  <testcase classname="com.ninja.qa.TestPage.TestRegisterPage" name="testregisterUser" time="3.752"/>
  <testcase classname="com.ninja.qa.TestPage.TestRegisterPage" name="testregisterUser" time="3.751"/>
  <testcase classname="com.ninja.qa.TestPage.TestProductPage" name="testproduct_addtocart" time="4.756"/>
  <testcase classname="com.ninja.qa.Base.TestBase" name="@AfterSuite generateReports" time="0.0">
    <ignored/>
  </testcase> <!-- @AfterSuite generateReports -->
  <testcase classname="com.ninja.qa.Base.TestBase" name="@BeforeSuite InitalizeExtentReport" time="0.0">
    <ignored/>
  </testcase> <!-- @BeforeSuite InitalizeExtentReport -->
  <testcase classname="com.ninja.qa.Base.TestBase" name="@BeforeTest getnameMethod" time="0.0">
    <ignored/>
  </testcase> <!-- @BeforeTest getnameMethod -->
</testsuite> <!-- POMframework -->
